2026-02-08 15:07:27.288 +03:00 [INF] Application starting...
2026-02-08 15:13:16.135 +03:00 [INF] Application starting...
2026-02-08 15:26:07.147 +03:00 [INF] Application starting...
2026-02-08 15:29:47.655 +03:00 [INF] Application starting...
2026-02-08 16:22:56.443 +03:00 [INF] Application starting...
2026-02-08 16:22:58.427 +03:00 [ERR] Database seeding failed.
System.InvalidOperationException: An error was generated for warning 'Microsoft.EntityFrameworkCore.Migrations.PendingModelChangesWarning': The model for context 'MasarDbContext' has pending changes. Add a new migration before updating the database. See https://aka.ms/efcore-docs-pending-changes. This exception can be suppressed or logged by passing event ID 'RelationalEventId.PendingModelChangesWarning' to the 'ConfigureWarnings' method in 'DbContext.OnConfiguring' or 'AddDbContext'.
   at Microsoft.EntityFrameworkCore.Diagnostics.EventDefinition`1.Log[TLoggerCategory](IDiagnosticsLogger`1 logger, TParam arg)
   at Microsoft.EntityFrameworkCore.Diagnostics.RelationalLoggerExtensions.PendingModelChangesWarning(IDiagnosticsLogger`1 diagnostics, Type contextType)
   at Microsoft.EntityFrameworkCore.Migrations.Internal.Migrator.ValidateMigrations(Boolean useTransaction, String targetMigration)
   at Microsoft.EntityFrameworkCore.Migrations.Internal.Migrator.MigrateAsync(String targetMigration, CancellationToken cancellationToken)
   at Masar.UI.App.OnStartup(StartupEventArgs e) in E:\Masar1\MasarApp\Masar.UI\App.xaml.cs:line 115
   at Masar.UI.App.OnStartup(StartupEventArgs e) in E:\Masar1\MasarApp\Masar.UI\App.xaml.cs:line 116
2026-02-08 16:23:47.654 +03:00 [INF] Application starting...
2026-02-08 16:23:48.782 +03:00 [ERR] Database seeding failed.
System.InvalidOperationException: An error was generated for warning 'Microsoft.EntityFrameworkCore.Migrations.PendingModelChangesWarning': The model for context 'MasarDbContext' has pending changes. Add a new migration before updating the database. See https://aka.ms/efcore-docs-pending-changes. This exception can be suppressed or logged by passing event ID 'RelationalEventId.PendingModelChangesWarning' to the 'ConfigureWarnings' method in 'DbContext.OnConfiguring' or 'AddDbContext'.
   at Microsoft.EntityFrameworkCore.Diagnostics.EventDefinition`1.Log[TLoggerCategory](IDiagnosticsLogger`1 logger, TParam arg)
   at Microsoft.EntityFrameworkCore.Diagnostics.RelationalLoggerExtensions.PendingModelChangesWarning(IDiagnosticsLogger`1 diagnostics, Type contextType)
   at Microsoft.EntityFrameworkCore.Migrations.Internal.Migrator.ValidateMigrations(Boolean useTransaction, String targetMigration)
   at Microsoft.EntityFrameworkCore.Migrations.Internal.Migrator.MigrateAsync(String targetMigration, CancellationToken cancellationToken)
   at Masar.UI.App.OnStartup(StartupEventArgs e) in E:\Masar1\MasarApp\Masar.UI\App.xaml.cs:line 115
   at Masar.UI.App.OnStartup(StartupEventArgs e) in E:\Masar1\MasarApp\Masar.UI\App.xaml.cs:line 116
2026-02-08 16:27:49.331 +03:00 [INF] Application starting...
2026-02-08 16:31:03.895 +03:00 [INF] Application starting...
2026-02-08 16:36:17.487 +03:00 [INF] Application starting...
2026-02-08 16:55:17.258 +03:00 [INF] Application starting...
2026-02-08 17:00:28.400 +03:00 [INF] Application starting...
2026-02-08 17:10:34.621 +03:00 [INF] Application starting...
2026-02-08 17:17:43.971 +03:00 [INF] Application starting...
